<?xml version="1.0" encoding="UTF-8"?>
<!-- Generated by org.testng.reporters.JUnitReportReporter -->
<testsuite hostname="DESKTOP-0PSURFP" failures="0" tests="2" name="justherbs.Harbal_DDT" time="41.927" errors="0" timestamp="2022-04-24T15:09:32 IST" skipped="0">
  <testcase classname="justherbs.Harbal_DDT" name="f" time="15.177"/>
  <system-out/>
  <testcase classname="justherbs.Harbal_DDT" name="f" time="26.750"/>
  <system-out/>
</testsuite> <!-- justherbs.Harbal_DDT -->
