<?xml version="1.0" encoding="UTF-8"?>
<!-- Generated by org.testng.reporters.JUnitReportReporter -->
<testsuite hostname="DESKTOP-0PSURFP" failures="0" tests="1" name="justherbs.Harbal_MouseHover" time="134.080" errors="0" timestamp="2022-05-15T20:11:42 IST" skipped="0">
  <testcase classname="justherbs.Harbal_MouseHover" name="Module" time="134.080"/>
  <system-out/>
</testsuite> <!-- justherbs.Harbal_MouseHover -->
